c:\users\gustavo\documents\visual studio 2015\projects\compiler_ui_2018b\compiler_project_2018b\debug\vc140.pdb
c:\users\gustavo\documents\visual studio 2015\projects\compiler_ui_2018b\compiler_project_2018b\debug\compiler_project_2018b.obj
c:\users\gustavo\documents\visual studio 2015\projects\compiler_ui_2018b\compiler_project_2018b\debug\assemblyinfo.obj
c:\users\gustavo\documents\visual studio 2015\projects\compiler_ui_2018b\compiler_project_2018b\debug\compiler_project_2018b.pch
c:\users\gustavo\documents\visual studio 2015\projects\compiler_ui_2018b\compiler_project_2018b\debug\stdafx.obj
c:\users\gustavo\documents\visual studio 2015\projects\compiler_ui_2018b\compiler_project_2018b\debug\tabsymbol.obj
c:\users\gustavo\documents\visual studio 2015\projects\compiler_ui_2018b\compiler_project_2018b\debug\localnode.obj
c:\users\gustavo\documents\visual studio 2015\projects\compiler_ui_2018b\compiler_project_2018b\debug\lexico.obj
c:\users\gustavo\documents\visual studio 2015\projects\compiler_ui_2018b\compiler_project_2018b\debug\globalnode.obj
c:\users\gustavo\documents\visual studio 2015\projects\compiler_ui_2018b\compiler_project_2018b\debug\errormodule.obj
c:\users\gustavo\documents\visual studio 2015\projects\compiler_ui_2018b\compiler_project_2018b\debug\.netframework,version=v4.5.2.assemblyattributes.obj
c:\users\gustavo\documents\visual studio 2015\projects\compiler_ui_2018b\compiler_project_2018b\debug\.netframework,version=v4.5.2.assemblyattributes.asm
c:\users\gustavo\documents\visual studio 2015\projects\compiler_ui_2018b\compiler_project_2018b\debug\token.obj
c:\users\gustavo\documents\visual studio 2015\projects\compiler_ui_2018b\compiler_project_2018b\debug\app.res
c:\users\gustavo\documents\visual studio 2015\projects\compiler_ui_2018b\compiler_project_2018b\debug\compiler_project_2018b.vcxprojresolveassemblyreference.cache
c:\users\gustavo\documents\visual studio 2015\projects\compiler_ui_2018b\debug\compiler_project_2018b.pdb
c:\users\gustavo\documents\visual studio 2015\projects\compiler_ui_2018b\debug\compiler_project_2018b.dll
c:\users\gustavo\documents\visual studio 2015\projects\compiler_ui_2018b\compiler_project_2018b\debug\compiler.b0b37601.tlog\cl.command.1.tlog
c:\users\gustavo\documents\visual studio 2015\projects\compiler_ui_2018b\compiler_project_2018b\debug\compiler.b0b37601.tlog\cl.read.1.tlog
c:\users\gustavo\documents\visual studio 2015\projects\compiler_ui_2018b\compiler_project_2018b\debug\compiler.b0b37601.tlog\cl.write.1.tlog
c:\users\gustavo\documents\visual studio 2015\projects\compiler_ui_2018b\compiler_project_2018b\debug\compiler.b0b37601.tlog\link.8024.read.1.tlog
c:\users\gustavo\documents\visual studio 2015\projects\compiler_ui_2018b\compiler_project_2018b\debug\compiler.b0b37601.tlog\link.8024.write.1.tlog
c:\users\gustavo\documents\visual studio 2015\projects\compiler_ui_2018b\compiler_project_2018b\debug\compiler.b0b37601.tlog\link.command.1.tlog
c:\users\gustavo\documents\visual studio 2015\projects\compiler_ui_2018b\compiler_project_2018b\debug\compiler.b0b37601.tlog\link.read.1.tlog
c:\users\gustavo\documents\visual studio 2015\projects\compiler_ui_2018b\compiler_project_2018b\debug\compiler.b0b37601.tlog\link.write.1.tlog
c:\users\gustavo\documents\visual studio 2015\projects\compiler_ui_2018b\compiler_project_2018b\debug\compiler.b0b37601.tlog\metagen.read.1.tlog
c:\users\gustavo\documents\visual studio 2015\projects\compiler_ui_2018b\compiler_project_2018b\debug\compiler.b0b37601.tlog\metagen.write.1.tlog
c:\users\gustavo\documents\visual studio 2015\projects\compiler_ui_2018b\compiler_project_2018b\debug\compiler.b0b37601.tlog\rc.command.1.tlog
c:\users\gustavo\documents\visual studio 2015\projects\compiler_ui_2018b\compiler_project_2018b\debug\compiler.b0b37601.tlog\rc.read.1.tlog
c:\users\gustavo\documents\visual studio 2015\projects\compiler_ui_2018b\compiler_project_2018b\debug\compiler.b0b37601.tlog\rc.write.1.tlog
c:\users\gustavo\documents\visual studio 2015\projects\compiler_ui_2018b\compiler_project_2018b\debug\compiler.b0b37601.tlog\tzres.dll.bi
